<?xml version="1.0" encoding="UTF-8"?>
<!-- Generated by org.testng.reporters.JUnitReportReporter -->
<testsuite hostname="DESKTOP-IDLFDL4" failures="0" tests="3" name="com.crm.qa.testcases.ContactsPageTest" time="0.958" errors="0" timestamp="2020-09-13T15:01:08 IST" skipped="0">
  <testcase classname="com.crm.qa.testcases.ContactsPageTest" name="verifycontactpagetitleTest" time="0.021"/>
  <system-out/>
  <testcase classname="com.crm.qa.testcases.ContactsPageTest" name="verifycontactslabelTest" time="0.059"/>
  <system-out/>
  <testcase classname="com.crm.qa.testcases.ContactsPageTest" name="clickOnViewIconTest" time="0.878"/>
  <system-out/>
</testsuite> <!-- com.crm.qa.testcases.ContactsPageTest -->
