<?xml version="1.0" encoding="UTF-8"?>
<!-- Generated by org.testng.reporters.JUnitReportReporter -->
<testsuite hostname="DESKTOP-IDLFDL4" failures="0" tests="2" name="com.crm.qa.testcases.LoginPageTest" time="0.356" errors="0" timestamp="2020-09-13T15:36:16 IST" skipped="0">
  <testcase classname="com.crm.qa.testcases.LoginPageTest" name="signuplinkTest" time="0.058"/>
  <system-out/>
  <testcase classname="com.crm.qa.testcases.LoginPageTest" name="logintest" time="0.298"/>
  <system-out/>
</testsuite> <!-- com.crm.qa.testcases.LoginPageTest -->
